<?xml version="1.0" encoding="UTF-8"?>
<testng-results ignored="0" total="1" passed="1" failed="0" skipped="0">
  <reporter-output>
  </reporter-output>
  <suite started-at="2021-10-16T15:44:16Z" name="Default suite" finished-at="2021-10-16T15:44:27Z" duration-ms="11161">
    <groups>
    </groups>
    <test started-at="2021-10-16T15:44:16Z" name="Default test" finished-at="2021-10-16T15:44:27Z" duration-ms="11161">
      <class name="testing.NewTest">
        <test-method signature="f()[pri:0, instance:testing.NewTest@4c1909a3]" started-at="2021-10-16T10:44:16Z" name="f" finished-at="2021-10-16T10:44:27Z" duration-ms="11114" status="PASS">
          <reporter-output>
          </reporter-output>
        </test-method> <!-- f -->
      </class> <!-- testing.NewTest -->
    </test> <!-- Default test -->
  </suite> <!-- Default suite -->
</testng-results>
