<?xml version="1.0" encoding="UTF-8"?>
<testng-results ignored="0" total="1" passed="1" failed="0" skipped="0">
  <reporter-output>
  </reporter-output>
  <suite started-at="2021-11-13T11:34:58 CST" name="Default suite" finished-at="2021-11-13T11:35:06 CST" duration-ms="8145">
    <groups>
    </groups>
    <test started-at="2021-11-13T11:34:58 CST" name="Default test" finished-at="2021-11-13T11:35:06 CST" duration-ms="8145">
      <class name="loginTest.TC_06_Login">
        <test-method is-config="true" signature="startWebDriver()[pri:0, instance:loginTest.TC_06_Login@589b028e]" started-at="2021-11-13T11:34:58 CST" name="startWebDriver" finished-at="2021-11-13T11:34:59 CST" duration-ms="1541" status="PASS">
          <reporter-output>
          </reporter-output>
        </test-method> <!-- startWebDriver -->
        <test-method signature="TC_06()[pri:0, instance:loginTest.TC_06_Login@589b028e]" started-at="2021-11-13T11:35:00 CST" name="TC_06" finished-at="2021-11-13T11:35:05 CST" duration-ms="5364" status="PASS">
          <reporter-output>
          </reporter-output>
        </test-method> <!-- TC_06 -->
        <test-method is-config="true" signature="closeDriver()[pri:0, instance:loginTest.TC_06_Login@589b028e]" started-at="2021-11-13T11:35:05 CST" name="closeDriver" finished-at="2021-11-13T11:35:06 CST" duration-ms="1117" status="PASS">
          <reporter-output>
          </reporter-output>
        </test-method> <!-- closeDriver -->
      </class> <!-- loginTest.TC_06_Login -->
    </test> <!-- Default test -->
  </suite> <!-- Default suite -->
</testng-results>
